2023-07-02 11:46:01.912+0500 11228 10544 BRIDGE Uninstaller_bridge I: bridgeApiInitEx:#################### In bridgeApiInit Uninstaller ###############
2023-07-02 11:46:01.913+0500 11228 10544 BRIDGE Uninstaller_bridge I: Loading configuration ...
2023-07-02 11:46:01.915+0500 11228 10544 BRIDGE Uninstaller_bridge I: Configuration loaded successfully...
﻿2023-07-02 11:46:01.933 11228:00000001 (BlueStacksUninstaller) INFO: Updating Strings.ImageName: 
2023-07-02 11:46:01.933 11228:00000001 (BlueStacksUninstaller) INFO: Copying C:\Program Files\BlueStacks_nxt\Assets to C:\Users\ermat\AppData\Local\Temp\Assets
2023-07-02 11:46:01.957 11228:00000001 (BlueStacksUninstaller) INFO: Copying files from C:\Program Files\BlueStacks_nxt\ to C:\Users\ermat\AppData\Local\Temp\
2023-07-02 11:46:01.974 11228:00000001 (BlueStacksUninstaller) WARNING: C:\Program Files\BlueStacks_nxt\ucrtbase.dll does not exist so could not be copied.
2023-07-02 11:46:02.075 11228:00000001 (BlueStacksUninstaller) INFO: Copying C:\ProgramData\BlueStacks_nxt\Engine\Oem.cfg
2023-07-02 11:46:02.091 11228:00000001 (BlueStacksUninstaller) INFO: Copying theme file
2023-07-02 11:46:02.091 11228:00000001 (BlueStacksUninstaller) INFO: All files copied, starting File exectuion from temp path
2023-07-02 11:46:02.657 11228:00000001 (BlueStacksUninstaller) INFO: Main unistall process started, exiting current application.
2023-07-02 11:46:03.132+0500 6664  9276  BRIDGE Uninstaller_bridge I: bridgeApiInitEx:#################### In bridgeApiInit Uninstaller ###############
2023-07-02 11:46:03.133+0500 6664  9276  BRIDGE Uninstaller_bridge I: Loading configuration ...
2023-07-02 11:46:03.135+0500 6664  9276  BRIDGE Uninstaller_bridge I: Configuration loaded successfully...
2023-07-02 11:46:03.143 6664:00000001 (BlueStacksUninstaller) INFO: Updating Strings.ImageName: 
2023-07-02 11:46:03.190 6664:00000001 (BlueStacksUninstaller) INFO: Assigning hypervisor
2023-07-02 11:46:03.190 6664:00000001 (BlueStacksUninstaller) INFO: Current Hypervisor: vbox
2023-07-02 11:46:03.500 6664:00000001 (BlueStacksUninstaller) INFO: Successfully populated en-US strings
2023-07-02 11:46:29.963 6664:00000001 (BlueStacksUninstaller) WARNING: Returning a null image for bluestacks
2023-07-02 11:46:32.557 6664:00000007 (BlueStacksUninstaller) INFO: Killing all BlueStacks processes
2023-07-02 11:46:32.580 6664:00000007 (BlueStacksUninstaller) INFO: Stopping service BlueStacksDrv_nxt with timeout 15s
2023-07-02 11:46:32.596 6664:00000007 (BlueStacksUninstaller) INFO: Service is running , stopping the service BlueStacksDrv_nxt
2023-07-02 11:46:32.619 6664:00000007 (BlueStacksUninstaller) INFO: Service stopped successfully
2023-07-02 11:46:32.622 6664:00000007 (BlueStacksUninstaller) INFO: RunCmd: Starting: schtasks.exe /Delete /TN BlueStacksHelper_nxt /F
2023-07-02 11:46:32.706 6664:00000008 (BlueStacksUninstaller) INFO: 16456 OUT: SUCCESS: The scheduled task "BlueStacksHelper_nxt" was successfully deleted.
2023-07-02 11:46:32.708 6664:00000007 (BlueStacksUninstaller) INFO: RunCmd for pid: 16456, exited with ExitCode: 0 
2023-07-02 11:46:32.708 6664:00000007 (BlueStacksUninstaller) INFO: RunCmd: Starting: schtasks.exe /Delete /TN BlueStacksHelperTask /F
2023-07-02 11:46:32.751 6664:0000000C (BlueStacksUninstaller) ERROR: 1724 ERR: ERROR: The system cannot find the file specified.
2023-07-02 11:46:32.752 6664:00000007 (BlueStacksUninstaller) INFO: RunCmd for pid: 1724, exited with ExitCode: 1 
2023-07-02 11:46:32.752 6664:00000007 (BlueStacksUninstaller) ERROR: An error occured while deleting the task, exit code: 1
2023-07-02 11:46:32.754 6664:00000007 (BlueStacksUninstaller) INFO: Deleting directory: C:\Program Files\BlueStacks_nxt\
2023-07-02 11:46:32.832 6664:00000007 (BlueStacksUninstaller) INFO: Deleting directory: C:\ProgramData\BlueStacks_nxt
2023-07-02 11:46:32.871 6664:00000007 (BlueStacksUninstaller) INFO: Deleting directory: C:\Users\ermat\AppData\Local\BlueStacksSetup
2023-07-02 11:46:32.871 6664:00000007 (BlueStacksUninstaller) WARNING: Directory does not exist
2023-07-02 11:46:34.053 6664:00000007 (BlueStacksUninstaller) INFO: Uninstalling driver BlueStacksDrv_nxt
2023-07-02 11:46:34.053 6664:00000007 (BlueStacksUninstaller) INFO: Stopping service BlueStacksDrv_nxt with timeout 15s
2023-07-02 11:46:34.063 6664:00000007 (BlueStacksUninstaller) INFO: Service BlueStacksDrv_nxt stopped
2023-07-02 11:46:34.064 6664:00000007 (BlueStacksUninstaller) INFO: RunCmd: Starting: cmd.exe /c "sc.exe delete BlueStacksDrv_nxt"
2023-07-02 11:46:34.142 6664:0000000C (BlueStacksUninstaller) INFO: 13124 OUT: [SC] DeleteService SUCCESS
2023-07-02 11:46:34.148 6664:00000007 (BlueStacksUninstaller) INFO: RunCmd for pid: 13124, exited with ExitCode: 0 
2023-07-02 11:46:34.149 6664:00000007 (BlueStacksUninstaller) INFO: DeleteInstallApkScheme start
2023-07-02 11:46:34.150 6664:00000007 (BlueStacksUninstaller) INFO: DeleteInstallApkScheme end
2023-07-02 11:46:34.150 6664:00000007 (BlueStacksUninstaller) INFO: DeleteInstallApkScheme start
2023-07-02 11:46:34.151 6664:00000007 (BlueStacksUninstaller) INFO: DeleteInstallApkScheme end
2023-07-02 11:46:35.249 6664:00000001 (BlueStacksUninstaller) INFO: uninstallation clean value : 0
2023-07-16 08:40:04.907+0500 10556 6568  BRIDGE Uninstaller_bridge I: bridgeApiInitEx:#################### In bridgeApiInit Uninstaller ###############
2023-07-16 08:40:04.907+0500 10556 6568  BRIDGE Uninstaller_bridge I: Loading configuration ...
2023-07-16 08:40:04.912+0500 10556 6568  BRIDGE Uninstaller_bridge I: Configuration loaded successfully...
2023-07-16 08:40:04.971 10556:00000001 (BlueStacksUninstaller) INFO: Updating Strings.ImageName: 
2023-07-16 08:40:04.987 10556:00000001 (BlueStacksUninstaller) INFO: Copying C:\Program Files\BlueStacks_nxt\Assets to C:\Users\ermat\AppData\Local\Temp\Assets
2023-07-16 08:40:05.019 10556:00000001 (BlueStacksUninstaller) INFO: Copying files from C:\Program Files\BlueStacks_nxt\ to C:\Users\ermat\AppData\Local\Temp\
2023-07-16 08:40:05.050 10556:00000001 (BlueStacksUninstaller) WARNING: C:\Program Files\BlueStacks_nxt\ucrtbase.dll does not exist so could not be copied.
2023-07-16 08:40:05.273 10556:00000001 (BlueStacksUninstaller) INFO: Copying D:\Downloads\BlueStacks\BlueStacks_nxt\Engine\Oem.cfg
2023-07-16 08:40:05.273 10556:00000001 (BlueStacksUninstaller) INFO: Copying theme file
2023-07-16 08:40:05.273 10556:00000001 (BlueStacksUninstaller) INFO: All files copied, starting File exectuion from temp path
2023-07-16 08:40:05.540 10556:00000001 (BlueStacksUninstaller) INFO: Main unistall process started, exiting current application.
2023-07-16 08:40:05.963+0500 7892  14324 BRIDGE Uninstaller_bridge I: bridgeApiInitEx:#################### In bridgeApiInit Uninstaller ###############
2023-07-16 08:40:05.963+0500 7892  14324 BRIDGE Uninstaller_bridge I: Loading configuration ...
2023-07-16 08:40:05.967+0500 7892  14324 BRIDGE Uninstaller_bridge I: Configuration loaded successfully...
2023-07-16 08:40:05.980 7892:00000001 (BlueStacksUninstaller) INFO: Updating Strings.ImageName: 
2023-07-16 08:40:06.115 7892:00000001 (BlueStacksUninstaller) INFO: Assigning hypervisor
2023-07-16 08:40:06.123 7892:00000001 (BlueStacksUninstaller) INFO: Current Hypervisor: vbox
2023-07-16 08:40:06.756 7892:00000001 (BlueStacksUninstaller) INFO: Successfully populated en-US strings
2023-07-16 08:40:09.163 7892:00000001 (BlueStacksUninstaller) WARNING: Returning a null image for bluestacks
2023-07-16 08:40:10.799 7892:00000007 (BlueStacksUninstaller) INFO: Killing all BlueStacks processes
2023-07-16 08:40:10.840 7892:00000007 (BlueStacksUninstaller) INFO: Stopping service BlueStacksDrv_nxt with timeout 15s
2023-07-16 08:40:11.396 7892:00000007 (BlueStacksUninstaller) INFO: Service is running , stopping the service BlueStacksDrv_nxt
2023-07-16 08:40:11.419 7892:00000007 (BlueStacksUninstaller) INFO: Service stopped successfully
2023-07-16 08:40:11.422 7892:00000007 (BlueStacksUninstaller) INFO: RunCmd: Starting: schtasks.exe /Delete /TN BlueStacksHelper_nxt /F
2023-07-16 08:40:11.529 7892:00000008 (BlueStacksUninstaller) INFO: 8780 OUT: SUCCESS: The scheduled task "BlueStacksHelper_nxt" was successfully deleted.
2023-07-16 08:40:11.531 7892:00000007 (BlueStacksUninstaller) INFO: RunCmd for pid: 8780, exited with ExitCode: 0 
2023-07-16 08:40:11.531 7892:00000007 (BlueStacksUninstaller) INFO: RunCmd: Starting: schtasks.exe /Delete /TN BlueStacksHelperTask /F
2023-07-16 08:40:11.595 7892:0000000A (BlueStacksUninstaller) ERROR: 14248 ERR: ERROR: The system cannot find the file specified.
2023-07-16 08:40:11.598 7892:00000007 (BlueStacksUninstaller) INFO: RunCmd for pid: 14248, exited with ExitCode: 1 
2023-07-16 08:40:11.598 7892:00000007 (BlueStacksUninstaller) ERROR: An error occured while deleting the task, exit code: 1
2023-07-16 08:40:11.603 7892:00000007 (BlueStacksUninstaller) INFO: Deleting directory: C:\Program Files\BlueStacks_nxt\
2023-07-16 08:40:11.705 7892:00000007 (BlueStacksUninstaller) INFO: Deleting directory: D:\Downloads\BlueStacks\BlueStacks_nxt
2023-07-16 08:40:11.738 7892:00000007 (BlueStacksUninstaller) INFO: Deleting directory: C:\Users\ermat\AppData\Local\BlueStacksSetup
2023-07-16 08:40:11.738 7892:00000007 (BlueStacksUninstaller) WARNING: Directory does not exist
2023-07-16 08:40:11.772 7892:00000007 (BlueStacksUninstaller) INFO: C:\Users\ermat\Desktop\AlQuran.lnk is a shortcut for target c:\program files\bluestacks_nxt\
2023-07-16 08:40:11.789 7892:00000007 (BlueStacksUninstaller) INFO: C:\Users\ermat\Desktop\ТафсириҲилол.lnk is a shortcut for target c:\program files\bluestacks_nxt\
2023-07-16 08:40:13.175 7892:00000007 (BlueStacksUninstaller) INFO: Uninstalling driver BlueStacksDrv_nxt
2023-07-16 08:40:13.191 7892:00000007 (BlueStacksUninstaller) INFO: Stopping service BlueStacksDrv_nxt with timeout 15s
2023-07-16 08:40:13.192 7892:00000007 (BlueStacksUninstaller) INFO: Service BlueStacksDrv_nxt stopped
2023-07-16 08:40:13.193 7892:00000007 (BlueStacksUninstaller) INFO: RunCmd: Starting: cmd.exe /c "sc.exe delete BlueStacksDrv_nxt"
2023-07-16 08:40:13.339 7892:0000000B (BlueStacksUninstaller) INFO: 12204 OUT: [SC] DeleteService SUCCESS
2023-07-16 08:40:13.347 7892:00000007 (BlueStacksUninstaller) INFO: RunCmd for pid: 12204, exited with ExitCode: 0 
2023-07-16 08:40:13.349 7892:00000007 (BlueStacksUninstaller) INFO: DeleteInstallApkScheme start
2023-07-16 08:40:13.351 7892:00000007 (BlueStacksUninstaller) INFO: DeleteInstallApkScheme end
2023-07-16 08:40:13.351 7892:00000007 (BlueStacksUninstaller) INFO: DeleteInstallApkScheme start
2023-07-16 08:40:13.352 7892:00000007 (BlueStacksUninstaller) INFO: DeleteInstallApkScheme end
2023-07-16 08:40:14.118 7892:00000001 (BlueStacksUninstaller) INFO: uninstallation clean value : 0
